<?xml version="1.0" encoding="UTF-8"?>
<!-- Generated by org.testng.reporters.JUnitReportReporter -->
<testsuite hostname="EPRURYAW0060" failures="0" tests="1" name="mail.tests.TransferDraft" time="0.000" errors="0" timestamp="25 Apr 2018 15:21:10 GMT" skipped="1">
  <testcase classname="mail.tests.TransferDraft" name="trancferDrafts" time="0.000">
    <skipped/>
  </testcase> <!-- trancferDrafts -->
</testsuite> <!-- mail.tests.TransferDraft -->
