<?xml version="1.0" encoding="UTF-8"?>
<!-- Generated by org.testng.reporters.JUnitReportReporter -->
<testsuite hostname="EPRURYAW0060" failures="0" tests="1" name="mail.tests.LoginTest" time="3.569" errors="0" timestamp="24 Apr 2018 13:55:04 GMT" skipped="0">
  <testcase classname="mail.tests.LoginTest" name="login" time="3.569"/>
</testsuite> <!-- mail.tests.LoginTest -->
