<?xml version="1.0" encoding="UTF-8"?>
<!-- Generated by org.testng.reporters.JUnitReportReporter -->
<testsuite hostname="EPRURYAW0060" failures="0" tests="2" name="mail.tests.SendLetterTest" time="18.018" errors="0" timestamp="24 Apr 2018 13:12:06 GMT" skipped="0">
  <testcase classname="mail.tests.SendLetterTest" name="sendLetter" time="6.230"/>
  <testcase classname="mail.tests.SendLetterTest" name="sendLetter" time="11.788"/>
</testsuite> <!-- mail.tests.SendLetterTest -->
