<?xml version="1.0" encoding="UTF-8"?>
<!-- Generated by org.testng.reporters.JUnitReportReporter -->
<testsuite hostname="EPRURYAW0060" failures="0" tests="2" name="mail.tests.TransferDraft" time="20.561" errors="0" timestamp="25 Apr 2018 10:00:13 GMT" skipped="0">
  <testcase classname="mail.tests.TransferDraft" name="trancferDrafts" time="13.137"/>
  <testcase classname="mail.tests.TransferDraft" name="trancferDrafts" time="7.424"/>
</testsuite> <!-- mail.tests.TransferDraft -->
