<?xml version="1.0" encoding="UTF-8"?>
<!-- Generated by org.testng.reporters.JUnitReportReporter -->
<testsuite hostname="EPRURYAW0060" failures="0" tests="2" name="mail.tests.CreateDraftTest" time="11.212" errors="0" timestamp="24 Apr 2018 13:55:04 GMT" skipped="0">
  <testcase classname="mail.tests.CreateDraftTest" name="createMessage" time="3.028"/>
  <testcase classname="mail.tests.CreateDraftTest" name="createMessage" time="8.184"/>
</testsuite> <!-- mail.tests.CreateDraftTest -->
