<?xml version="1.0" encoding="UTF-8"?>
<!-- Generated by org.testng.reporters.JUnitReportReporter -->
<testsuite hostname="EPRURYAW0060" failures="0" tests="2" name="mail.tests.VerifyDraftsTests" time="17.012" errors="0" timestamp="23 Apr 2018 13:59:58 GMT" skipped="0">
  <testcase classname="mail.tests.VerifyDraftsTests" name="verifyDraft" time="6.637"/>
  <testcase classname="mail.tests.VerifyDraftsTests" name="verifyDraft" time="10.375"/>
</testsuite> <!-- mail.tests.VerifyDraftsTests -->
