<?xml version="1.0" encoding="UTF-8"?>
<!-- Generated by org.testng.reporters.JUnitReportReporter -->
<testsuite hostname="EPRURYAW0060" failures="0" tests="2" name="mail.tests.VerifyDraftsTests" time="17.661" errors="0" timestamp="24 Apr 2018 13:12:06 GMT" skipped="0">
  <testcase classname="mail.tests.VerifyDraftsTests" name="verifyDraft" time="5.842"/>
  <testcase classname="mail.tests.VerifyDraftsTests" name="verifyDraft" time="11.819"/>
</testsuite> <!-- mail.tests.VerifyDraftsTests -->
