<?xml version="1.0" encoding="UTF-8"?>
<!-- Generated by org.testng.reporters.JUnitReportReporter -->
<testsuite hostname="EPRURYAW0060" failures="0" tests="2" name="mail.tests.SendLetterTest" time="18.459" errors="0" timestamp="23 Apr 2018 13:59:58 GMT" skipped="0">
  <testcase classname="mail.tests.SendLetterTest" name="sendLetter" time="7.030"/>
  <testcase classname="mail.tests.SendLetterTest" name="sendLetter" time="11.429"/>
</testsuite> <!-- mail.tests.SendLetterTest -->
