<?xml version="1.0" encoding="UTF-8"?>
<!-- Generated by org.testng.reporters.JUnitReportReporter -->
<testsuite hostname="EPRURYAW0060" failures="0" tests="2" name="mail.tests.TransferDraft" time="27.568" errors="0" timestamp="24 Apr 2018 13:12:06 GMT" skipped="0">
  <testcase classname="mail.tests.TransferDraft" name="trancferDrafts" time="19.860"/>
  <testcase classname="mail.tests.TransferDraft" name="trancferDrafts" time="7.708"/>
</testsuite> <!-- mail.tests.TransferDraft -->
