<?xml version="1.0" encoding="UTF-8"?>
<!-- Generated by org.testng.reporters.JUnitReportReporter -->
<testsuite hostname="EPRURYAW0060" failures="0" tests="2" name="mail.tests.CreateDraftTest" time="10.426" errors="0" timestamp="25 Apr 2018 10:00:13 GMT" skipped="0">
  <testcase classname="mail.tests.CreateDraftTest" name="createMessage" time="3.555"/>
  <testcase classname="mail.tests.CreateDraftTest" name="createMessage" time="6.871"/>
</testsuite> <!-- mail.tests.CreateDraftTest -->
