<?xml version="1.0" encoding="UTF-8"?>
<!-- Generated by org.testng.reporters.JUnitReportReporter -->
<testsuite hostname="EPRURYAW0060" failures="0" tests="1" name="mail.tests.LogOutTest" time="9.253" errors="0" timestamp="23 Apr 2018 13:59:58 GMT" skipped="0">
  <testcase classname="mail.tests.LogOutTest" name="logOut" time="9.253"/>
</testsuite> <!-- mail.tests.LogOutTest -->
