<?xml version="1.0" encoding="UTF-8"?>
<!-- Generated by org.testng.reporters.JUnitReportReporter -->
<testsuite hostname="EPRURYAW0060" failures="0" tests="2" name="mail.tests.SendLetterTest" time="17.052" errors="0" timestamp="25 Apr 2018 10:00:13 GMT" skipped="0">
  <testcase classname="mail.tests.SendLetterTest" name="sendLetter" time="11.354"/>
  <testcase classname="mail.tests.SendLetterTest" name="sendLetter" time="5.698"/>
</testsuite> <!-- mail.tests.SendLetterTest -->
