<?xml version="1.0" encoding="UTF-8"?>
<!-- Generated by org.testng.reporters.JUnitReportReporter -->
<testsuite hostname="EPRURYAW0060" failures="0" tests="2" name="mail.tests.VerifyDraftsTests" time="17.401" errors="0" timestamp="25 Apr 2018 10:00:13 GMT" skipped="0">
  <testcase classname="mail.tests.VerifyDraftsTests" name="verifyDraft" time="5.974"/>
  <testcase classname="mail.tests.VerifyDraftsTests" name="verifyDraft" time="11.427"/>
</testsuite> <!-- mail.tests.VerifyDraftsTests -->
