<?xml version="1.0" encoding="UTF-8"?>
<!-- Generated by org.testng.reporters.JUnitReportReporter -->
<testsuite hostname="EPRURYAW0060" failures="0" tests="2" name="mail.tests.TransferDraft" time="17.435" errors="0" timestamp="23 Apr 2018 13:59:58 GMT" skipped="0">
  <testcase classname="mail.tests.TransferDraft" name="trancferDrafts" time="10.336"/>
  <testcase classname="mail.tests.TransferDraft" name="trancferDrafts" time="7.099"/>
</testsuite> <!-- mail.tests.TransferDraft -->
