<?xml version="1.0" encoding="UTF-8"?>
<!-- Generated by org.testng.reporters.JUnitReportReporter -->
<testsuite hostname="EPRURYAW0060" failures="0" tests="1" name="mail.tests.LoginTest" time="3.088" errors="0" timestamp="08 May 2018 14:23:53 GMT" skipped="0">
  <testcase classname="mail.tests.LoginTest" name="login" time="3.088"/>
</testsuite> <!-- mail.tests.LoginTest -->
