<?xml version="1.0" encoding="UTF-8"?>
<!-- Generated by org.testng.reporters.JUnitReportReporter -->
<testsuite hostname="EPRURYAW0060" failures="0" tests="1" name="mail.tests.LogOutTest" time="0.000" errors="0" timestamp="26 Apr 2018 10:15:21 GMT" skipped="1">
  <testcase classname="mail.tests.LogOutTest" name="logOut" time="0.000">
    <skipped/>
  </testcase> <!-- logOut -->
</testsuite> <!-- mail.tests.LogOutTest -->
