<?xml version="1.0" encoding="UTF-8"?>
<!-- Generated by org.testng.reporters.JUnitReportReporter -->
<testsuite hostname="EPRURYAW0060" failures="0" tests="1" name="mail.tests.LogOutTest" time="5.334" errors="0" timestamp="24 Apr 2018 13:55:04 GMT" skipped="0">
  <testcase classname="mail.tests.LogOutTest" name="logOut" time="5.334"/>
</testsuite> <!-- mail.tests.LogOutTest -->
