<?xml version="1.0" encoding="UTF-8"?>
<!-- Generated by org.testng.reporters.JUnitReportReporter -->
<testsuite skipped="0" hostname="EPRURYAW0060" name="tests.VerifyDraftsTests" tests="2" failures="0" timestamp="06 Apr 2018 14:27:38 GMT" time="12.167" errors="0">
  <testcase name="verifyDraft" time="7.646" classname="tests.VerifyDraftsTests"/>
  <testcase name="verifyDraft" time="4.521" classname="tests.VerifyDraftsTests"/>
</testsuite> <!-- tests.VerifyDraftsTests -->
