<?xml version="1.0" encoding="UTF-8"?>
<!-- Generated by org.testng.reporters.JUnitReportReporter -->
<testsuite hostname="EPRURYAW0060" failures="0" tests="2" name="mail.tests.CreateDraftTest" time="8.807" errors="0" timestamp="23 Apr 2018 13:59:58 GMT" skipped="0">
  <testcase classname="mail.tests.CreateDraftTest" name="createMessage" time="3.415"/>
  <testcase classname="mail.tests.CreateDraftTest" name="createMessage" time="5.392"/>
</testsuite> <!-- mail.tests.CreateDraftTest -->
