<?xml version="1.0" encoding="UTF-8"?>
<!-- Generated by org.testng.reporters.JUnitReportReporter -->
<testsuite hostname="EPRURYAW0060" failures="0" tests="1" name="mail.pom.tests.cases.LoginTest" time="0.021" errors="0" timestamp="10 May 2018 13:05:18 GMT" skipped="0">
  <testcase classname="mail.pom.tests.cases.LoginTest" name="login" time="0.021"/>
</testsuite> <!-- mail.pom.tests.cases.LoginTest -->
