<?xml version="1.0" encoding="UTF-8"?>
<!-- Generated by org.testng.reporters.JUnitReportReporter -->
<testsuite hostname="EPRURYAW0060" failures="0" tests="2" name="mail.pom.tests.cases.CreateDraftTest" time="8.504" errors="0" timestamp="14 May 2018 10:21:42 GMT" skipped="0">
  <testcase classname="mail.pom.tests.cases.CreateDraftTest" name="createMessage" time="4.084"/>
  <testcase classname="mail.pom.tests.cases.CreateDraftTest" name="createMessage" time="4.420"/>
</testsuite> <!-- mail.pom.tests.cases.CreateDraftTest -->
