<?xml version="1.0" encoding="UTF-8"?>
<!-- Generated by org.testng.reporters.JUnitReportReporter -->
<testsuite hostname="Gadwil-PC64" failures="0" tests="1" name="mail.pom.tests.cases.LoginTest" time="0.033" errors="0" timestamp="09 мая 2018 11:12:26 GMT" skipped="0">
  <testcase classname="mail.pom.tests.cases.LoginTest" name="login" time="0.033"/>
</testsuite> <!-- mail.pom.tests.cases.LoginTest -->
