<?xml version="1.0" encoding="UTF-8"?>
<!-- Generated by org.testng.reporters.JUnitReportReporter -->
<testsuite hostname="EPRURYAW0060" failures="0" tests="1" name="mail.tests.LogOutTest" time="6.511" errors="0" timestamp="19 Apr 2018 08:53:41 GMT" skipped="0">
  <testcase classname="mail.tests.LogOutTest" name="logOut" time="6.511"/>
</testsuite> <!-- mail.tests.LogOutTest -->
