<?xml version="1.0" encoding="UTF-8"?>
<!-- Generated by org.testng.reporters.JUnitReportReporter -->
<testsuite hostname="Gadwil-PC64" failures="0" tests="1" name="mail.tests.LoginTest" time="5.147" errors="0" timestamp="08 мая 2018 22:10:48 GMT" skipped="0">
  <testcase classname="mail.tests.LoginTest" name="login" time="5.147"/>
</testsuite> <!-- mail.tests.LoginTest -->
