<?xml version="1.0" encoding="UTF-8"?>
<!-- Generated by org.testng.reporters.JUnitReportReporter -->
<testsuite hostname="EPRURYAW0060" failures="0" tests="2" name="mail.pom.tests.cases.TransferDraft" time="22.212" errors="0" timestamp="16 May 2018 10:08:56 GMT" skipped="0">
  <testcase classname="mail.pom.tests.cases.TransferDraft" name="trancferDrafts" time="11.723"/>
  <testcase classname="mail.pom.tests.cases.TransferDraft" name="trancferDrafts" time="10.489"/>
</testsuite> <!-- mail.pom.tests.cases.TransferDraft -->
