<?xml version="1.0" encoding="UTF-8"?>
<!-- Generated by org.testng.reporters.JUnitReportReporter -->
<testsuite hostname="EPRURYAW0060" failures="0" tests="2" name="mail.tests.SendLetterTest" time="15.912" errors="0" timestamp="19 Apr 2018 08:53:41 GMT" skipped="0">
  <testcase classname="mail.tests.SendLetterTest" name="sendLetter" time="5.394"/>
  <testcase classname="mail.tests.SendLetterTest" name="sendLetter" time="10.518"/>
</testsuite> <!-- mail.tests.SendLetterTest -->
