<?xml version="1.0" encoding="UTF-8"?>
<!-- Generated by org.testng.reporters.JUnitReportReporter -->
<testsuite skipped="0" hostname="EPRURYAW0060" name="mail.tests.LoginTest" tests="1" failures="0" timestamp="30 Mar 2018 13:48:59 GMT" time="8.835" errors="0">
  <testcase name="logInTest" time="8.835" classname="mail.tests.LoginTest"/>
</testsuite> <!-- mail.tests.LoginTest -->
