<?xml version="1.0" encoding="UTF-8"?>
<!-- Generated by org.testng.reporters.JUnitReportReporter -->
<testsuite hostname="EPRURYAW0060" failures="0" tests="2" name="mail.pom.tests.cases.SendLetterTest" time="7.979" errors="0" timestamp="16 May 2018 10:08:56 GMT" skipped="0">
  <testcase classname="mail.pom.tests.cases.SendLetterTest" name="sendLetter" time="4.107"/>
  <testcase classname="mail.pom.tests.cases.SendLetterTest" name="sendLetter" time="3.872"/>
</testsuite> <!-- mail.pom.tests.cases.SendLetterTest -->
