<?xml version="1.0" encoding="UTF-8"?>
<!-- Generated by org.testng.reporters.JUnitReportReporter -->
<testsuite skipped="0" hostname="EPRURYAW0060" name="mail.tests.VerifyDraftsTests" tests="2" failures="0" timestamp="30 Mar 2018 08:54:57 GMT" time="7.055" errors="0">
  <testcase name="verifyDraft" time="3.493" classname="mail.tests.VerifyDraftsTests"/>
  <testcase name="verifyDraft" time="3.562" classname="mail.tests.VerifyDraftsTests"/>
</testsuite> <!-- mail.tests.VerifyDraftsTests -->
