<?xml version="1.0" encoding="UTF-8"?>
<!-- Generated by org.testng.reporters.JUnitReportReporter -->
<testsuite hostname="EPRURYAW0060" failures="0" tests="2" name="mail.pom.tests.cases.SendLetterTest" time="11.828" errors="0" timestamp="15 May 2018 12:32:56 GMT" skipped="0">
  <testcase classname="mail.pom.tests.cases.SendLetterTest" name="sendLetter" time="6.862"/>
  <testcase classname="mail.pom.tests.cases.SendLetterTest" name="sendLetter" time="4.966"/>
</testsuite> <!-- mail.pom.tests.cases.SendLetterTest -->
