<?xml version="1.0" encoding="UTF-8"?>
<!-- Generated by org.testng.reporters.JUnitReportReporter -->
<testsuite skipped="0" hostname="EPRURYAW0060" name="mail.tests.LoginTest" tests="1" failures="0" timestamp="30 Mar 2018 08:54:57 GMT" time="7.247" errors="0">
  <testcase name="logInTest" time="7.247" classname="mail.tests.LoginTest"/>
</testsuite> <!-- mail.tests.LoginTest -->
