<?xml version="1.0" encoding="UTF-8"?>
<!-- Generated by org.testng.reporters.JUnitReportReporter -->
<testsuite hostname="EPRURYAW0060" failures="0" tests="1" name="mail.tests.LoginTest" time="6.703" errors="0" timestamp="19 Apr 2018 08:53:41 GMT" skipped="0">
  <testcase classname="mail.tests.LoginTest" name="login" time="6.703"/>
</testsuite> <!-- mail.tests.LoginTest -->
