<?xml version="1.0" encoding="UTF-8"?>
<!-- Generated by org.testng.reporters.JUnitReportReporter -->
<testsuite hostname="EPRURYAW0060" failures="0" tests="2" name="mail.tests.CreateDraftTest" time="11.860" errors="0" timestamp="08 May 2018 14:50:41 GMT" skipped="0">
  <testcase classname="mail.tests.CreateDraftTest" name="createMessage" time="8.143"/>
  <testcase classname="mail.tests.CreateDraftTest" name="createMessage" time="3.717"/>
</testsuite> <!-- mail.tests.CreateDraftTest -->
