<?xml version="1.0" encoding="UTF-8"?>
<!-- Generated by org.testng.reporters.JUnitReportReporter -->
<testsuite hostname="EPRURYAW0060" failures="0" tests="2" name="mail.pom.tests.cases.CreateDraftTest" time="8.715" errors="0" timestamp="10 May 2018 13:05:18 GMT" skipped="0">
  <testcase classname="mail.pom.tests.cases.CreateDraftTest" name="createMessage" time="3.751"/>
  <testcase classname="mail.pom.tests.cases.CreateDraftTest" name="createMessage" time="4.964"/>
</testsuite> <!-- mail.pom.tests.cases.CreateDraftTest -->
