<?xml version="1.0" encoding="UTF-8"?>
<!-- Generated by org.testng.reporters.JUnitReportReporter -->
<testsuite hostname="EPRURYAW0060" failures="0" tests="2" name="mail.pom.tests.cases.TransferDraft" time="24.296" errors="0" timestamp="15 May 2018 12:32:56 GMT" skipped="0">
  <testcase classname="mail.pom.tests.cases.TransferDraft" name="trancferDrafts" time="13.296"/>
  <testcase classname="mail.pom.tests.cases.TransferDraft" name="trancferDrafts" time="11.000"/>
</testsuite> <!-- mail.pom.tests.cases.TransferDraft -->
