<?xml version="1.0" encoding="UTF-8"?>
<!-- Generated by org.testng.reporters.JUnitReportReporter -->
<testsuite hostname="EPRURYAW0060" failures="0" tests="2" name="mail.pom.tests.cases.CreateDraftTest" time="10.616" errors="0" timestamp="15 May 2018 12:32:56 GMT" skipped="0">
  <testcase classname="mail.pom.tests.cases.CreateDraftTest" name="createMessage" time="5.089"/>
  <testcase classname="mail.pom.tests.cases.CreateDraftTest" name="createMessage" time="5.527"/>
</testsuite> <!-- mail.pom.tests.cases.CreateDraftTest -->
