<?xml version="1.0" encoding="UTF-8"?>
<!-- Generated by org.testng.reporters.JUnitReportReporter -->
<testsuite hostname="EPRURYAW0060" failures="0" tests="2" name="mail.tests.VerifyDraftsTests" time="15.853" errors="0" timestamp="19 Apr 2018 08:53:41 GMT" skipped="0">
  <testcase classname="mail.tests.VerifyDraftsTests" name="verifyDraft" time="6.114"/>
  <testcase classname="mail.tests.VerifyDraftsTests" name="verifyDraft" time="9.739"/>
</testsuite> <!-- mail.tests.VerifyDraftsTests -->
