<?xml version="1.0" encoding="UTF-8"?>
<!-- Generated by org.testng.reporters.JUnitReportReporter -->
<testsuite skipped="0" hostname="EPRURYAW0060" name="tests.LoginTest" tests="1" failures="0" timestamp="06 Apr 2018 13:53:02 GMT" time="6.116" errors="0">
  <testcase name="login" time="6.116" classname="tests.LoginTest"/>
</testsuite> <!-- tests.LoginTest -->
