<?xml version="1.0" encoding="UTF-8"?>
<!-- Generated by org.testng.reporters.JUnitReportReporter -->
<testsuite skipped="0" hostname="EPRURYAW0060" name="mail.tests.CreateDraftTest" tests="2" failures="0" timestamp="30 Mar 2018 13:48:59 GMT" time="4.279" errors="0">
  <testcase name="createDraft" time="2.161" classname="mail.tests.CreateDraftTest"/>
  <testcase name="createDraft" time="2.118" classname="mail.tests.CreateDraftTest"/>
</testsuite> <!-- mail.tests.CreateDraftTest -->
