<?xml version="1.0" encoding="UTF-8"?>
<!-- Generated by org.testng.reporters.JUnitReportReporter -->
<testsuite hostname="EPRURYAW0060" failures="0" tests="1" name="mail.pom.tests.cases.LoginTest" time="0.015" errors="0" timestamp="15 May 2018 12:43:41 GMT" skipped="0">
  <testcase classname="mail.pom.tests.cases.LoginTest" name="login" time="0.015"/>
</testsuite> <!-- mail.pom.tests.cases.LoginTest -->
