<?xml version="1.0" encoding="UTF-8"?>
<!-- Generated by org.testng.reporters.JUnitReportReporter -->
<testsuite hostname="EPRURYAW0060" failures="0" tests="1" name="mail.pom.tests.cases.LogOutTest" time="1.651" errors="0" timestamp="15 May 2018 12:32:56 GMT" skipped="0">
  <testcase classname="mail.pom.tests.cases.LogOutTest" name="logOut" time="1.651"/>
</testsuite> <!-- mail.pom.tests.cases.LogOutTest -->
