<?xml version="1.0" encoding="UTF-8"?>
<!-- Generated by org.testng.reporters.JUnitReportReporter -->
<testsuite skipped="0" hostname="EPRURYAW0060" name="mail.tests.LogOutTest" tests="1" failures="0" timestamp="30 Mar 2018 09:02:20 GMT" time="1.801" errors="0">
  <testcase name="logOut" time="1.801" classname="mail.tests.LogOutTest"/>
</testsuite> <!-- mail.tests.LogOutTest -->
