<?xml version="1.0" encoding="UTF-8"?>
<!-- Generated by org.testng.reporters.JUnitReportReporter -->
<testsuite skipped="0" hostname="EPRURYAW0060" name="mail.tests.VerifyDraftsTests" tests="2" failures="0" timestamp="30 Mar 2018 13:48:59 GMT" time="7.526" errors="0">
  <testcase name="verifyDraft" time="3.881" classname="mail.tests.VerifyDraftsTests"/>
  <testcase name="verifyDraft" time="3.645" classname="mail.tests.VerifyDraftsTests"/>
</testsuite> <!-- mail.tests.VerifyDraftsTests -->
