<?xml version="1.0" encoding="UTF-8"?>
<!-- Generated by org.testng.reporters.JUnitReportReporter -->
<testsuite skipped="0" hostname="EPRURYAW0060" name="mail.tests.LogOutTest" tests="1" failures="0" timestamp="30 Mar 2018 08:54:57 GMT" time="1.535" errors="0">
  <testcase name="logOut" time="1.535" classname="mail.tests.LogOutTest"/>
</testsuite> <!-- mail.tests.LogOutTest -->
