<?xml version="1.0" encoding="UTF-8"?>
<!-- Generated by org.testng.reporters.JUnitReportReporter -->
<testsuite hostname="EPRURYAW0060" failures="0" tests="2" name="mail.pom.tests.cases.VerifyDraftsTests" time="15.714" errors="0" timestamp="15 May 2018 12:32:56 GMT" skipped="0">
  <testcase classname="mail.pom.tests.cases.VerifyDraftsTests" name="verifyDraft" time="8.398"/>
  <testcase classname="mail.pom.tests.cases.VerifyDraftsTests" name="verifyDraft" time="7.316"/>
</testsuite> <!-- mail.pom.tests.cases.VerifyDraftsTests -->
