<?xml version="1.0" encoding="UTF-8"?>
<!-- Generated by org.testng.reporters.JUnitReportReporter -->
<testsuite hostname="EPRURYAW0060" failures="0" tests="1" name="mail.pom.tests.cases.LogOutTest" time="1.318" errors="0" timestamp="16 May 2018 10:08:56 GMT" skipped="0">
  <testcase classname="mail.pom.tests.cases.LogOutTest" name="logOut" time="1.318"/>
</testsuite> <!-- mail.pom.tests.cases.LogOutTest -->
